Build started 07/10/2025 17:31:50.
     1>Project "C:\Users\HP\Desktop\grading system\Advanced grading\PRIMARY SCHOOL GRADING SYSTEM\PRIMARY SCHOOL GRADING SYSTEM\PRIMARY SCHOOL GRADING SYSTEM.vcxproj" on node 2 (build target(s)).
     1>InitializeBuildStatus:
         Touching "Debug\PRIMARY SCHOOL GRADING SYSTEM.unsuccessfulbuild".
       GenerateTargetFrameworkMonikerAttribute:
       Skipping target "GenerateTargetFrameworkMonikerAttribute" because all output files are up-to-date with respect to the input files.
       ClCompile:
         All outputs are up-to-date.
         c:\Program Files (x86)\Microsoft Visual Studio 10.0\VC\bin\CL.exe /c /AI"C:\Program Files (x86)\Reference Assemblies\Microsoft\Framework\.NETFramework\v4.0" /Zi /clr:pure /nologo /W3 /WX- /Od /Oy- /D WIN32 /D _DEBUG /D _UNICODE /D UNICODE /EHa /MDd /GS /fp:precise /Zc:wchar_t /Zc:forScope /Yu"StdAfx.h" /Fp"Debug\PRIMARY SCHOOL GRADING SYSTEM.pch" /Fo"Debug\\" /Fd"Debug\vc100.pdb" /TP /FU"C:\Users\HP\Desktop\C++ notes 2025\MySql.Data.dll" /FU"C:\Program Files (x86)\Reference Assemblies\Microsoft\Framework\.NETFramework\v4.0\System.Core.dll" /FU"C:\Program Files (x86)\Reference Assemblies\Microsoft\Framework\.NETFramework\v4.0\System.Data.dll" /FU"C:\Program Files (x86)\Reference Assemblies\Microsoft\Framework\.NETFramework\v4.0\System.dll" /FU"C:\Program Files (x86)\Reference Assemblies\Microsoft\Framework\.NETFramework\v4.0\System.Drawing.dll" /FU"C:\Program Files (x86)\Reference Assemblies\Microsoft\Framework\.NETFramework\v4.0\System.Windows.Forms.dll" /FU"C:\Program Files (x86)\Reference Assemblies\Microsoft\Framework\.NETFramework\v4.0\System.Xml.dll" /analyze- /errorReport:prompt "PRIMARY SCHOOL GRADING SYSTEM.cpp" /clr:nostdlib 
         PRIMARY SCHOOL GRADING SYSTEM.cpp
     1>c:\users\hp\desktop\grading system\advanced grading\primary school grading system\primary school grading system\Form1.h(2): error C2006: '#include' : expected a filename, found 'identifier'
     1>c:\users\hp\desktop\grading system\advanced grading\primary school grading system\primary school grading system\Form1.h(2): fatal error C1083: Cannot open include file: '': No such file or directory
     1>Done Building Project "C:\Users\HP\Desktop\grading system\Advanced grading\PRIMARY SCHOOL GRADING SYSTEM\PRIMARY SCHOOL GRADING SYSTEM\PRIMARY SCHOOL GRADING SYSTEM.vcxproj" (build target(s)) -- FAILED.

Build FAILED.

Time Elapsed 00:00:00.47
